Welcome to the banking system!
Do you want to login or exit :
Do you want to login in as admin or standard : 
Enter account number : 
Logged in as admin!

What do you want to do today?
W – Withdrawal 
T – Transfer
P – Paybill
D – Deposit
C – Create
DE – Delete
DI – Disable 
CH – Change Plan
L – Logout 

Please enter the account number you want to withdraw from : 
Please enter the account name you want to withdraw from : 
How much would you like to withdraw : 
Withdrawal successful, would you like to to make another withdrawal : 

What do you want to do today?
W – Withdrawal 
T – Transfer
P – Paybill
D – Deposit
C – Create
DE – Delete
DI – Disable 
CH – Change Plan
L – Logout 

Logged out!
Have a great day, see you soon!