Welcome to the banking system!
Do you want to login or exit :
Do you want to login in as admin or standard : 
Enter account number : 
Enter account name :
Logged in as standard!

What do you want to do today?
W – Withdrawal 
T – Transfer
P – Paybill
D – Deposit
C – Create
DE – Delete
DI – Disable 
CH – Change Plan
L – Logout 

Please select the payee you want to pay the bill to:
EC - The Bright Light Electric Company 
CQ - Credit Card Company Q
FI - Fast Internet, Inc.

Invalid payee, session terminated! 
