Welcome to the banking system!
Do you want to login or exit :
Do you want to login in as admin or standard : 
Enter account number : 
Enter account name : 
Logged in as standard!

What do you want to do today?
W – Withdrawal 
T – Transfer
P – Paybill
D – Deposit
C – Create
DE – Delete
DI – Disable 
CH – Change Plan
L – Logout 

Please enter the account number you want to transfer to : 
How much would you like to transfer : 
Transfer successful, would you like to to make another transfer : 

What do you want to do today?
W – Withdrawal 
T – Transfer
P – Paybill
D – Deposit
C – Create
DE – Delete
DI – Disable 
CH – Change Plan
L – Logout 

Logged out!
Have a great day, see you soon!
